

*******************************************************************************
Fri Jan 10 15:10:07 2020


FIT:    data read from "datos.txt" u 1:2
        format = x:z
        #datapoints = 183
        residuals are weighted equally (unit weight)

function used for fitting: f(x)
	f(x) = a*x*x+b*x+c
fitted parameters initialized with current variable values

iter      chisq       delta/lim  lambda   a             b             c            
   0 1.0215818290e+04   0.00e+00  1.20e+00    1.000000e+00   1.000000e+00   1.000000e+00
   4 6.2188265809e-08  -2.12e-01  1.20e-04   -4.905002e+00  -9.809152e-02   1.234450e+01

After 4 iterations the fit converged.
final sum of squares of residuals : 6.21883e-08
rel. change during last iteration : -2.116e-06

degrees of freedom    (FIT_NDF)                        : 180
rms of residuals      (FIT_STDFIT) = sqrt(WSSR/ndf)    : 1.85874e-05
variance of residuals (reduced chisquare) = WSSR/ndf   : 3.4549e-10

Final set of parameters            Asymptotic Standard Error
=======================            ==========================
a               = -4.905           +/- 5.505e-06    (0.0001122%)
b               = -0.0980915       +/- 1.035e-05    (0.01055%)
c               = 12.3445          +/- 4.077e-06    (3.303e-05%)

correlation matrix of the fit parameters:
                a      b      c      
a               1.000 
b              -0.968  1.000 
c               0.741 -0.863  1.000 


*******************************************************************************
Fri Jan 10 15:13:23 2020


FIT:    data read from "datos.txt" u 1:2
        format = x:z
        #datapoints = 19
        residuals are weighted equally (unit weight)

function used for fitting: f(x)
	f(x) = a*x*x+b*x+c
fitted parameters initialized with current variable values

iter      chisq       delta/lim  lambda   a             b             c            
   0 1.1199771639e+03   0.00e+00  1.21e+00    1.000000e+00   1.000000e+00   1.000000e+00
   5 3.6029780334e-09  -1.86e-06  1.21e-05   -4.904976e+00  -9.810615e-01   1.229599e+01

After 5 iterations the fit converged.
final sum of squares of residuals : 3.60298e-09
rel. change during last iteration : -1.85953e-11

degrees of freedom    (FIT_NDF)                        : 16
rms of residuals      (FIT_STDFIT) = sqrt(WSSR/ndf)    : 1.50062e-05
variance of residuals (reduced chisquare) = WSSR/ndf   : 2.25186e-10

Final set of parameters            Asymptotic Standard Error
=======================            ==========================
a               = -4.90498         +/- 1.288e-05    (0.0002627%)
b               = -0.981062        +/- 2.403e-05    (0.002449%)
c               = 12.296           +/- 9.329e-06    (7.587e-05%)

correlation matrix of the fit parameters:
                a      b      c      
a               1.000 
b              -0.965  1.000 
c               0.704 -0.838  1.000 


*******************************************************************************
Fri Jan 10 15:14:23 2020


FIT:    data read from "datos.txt" u 1:2
        format = x:z
        #datapoints = 183
        residuals are weighted equally (unit weight)

function used for fitting: f(x)
	f(x) = a*x*x+b*x+c
fitted parameters initialized with current variable values

iter      chisq       delta/lim  lambda   a             b             c            
   0 1.7264848445e+02   0.00e+00  8.28e+00   -4.904976e+00  -9.810615e-01   1.229599e+01
   5 6.2188265809e-08  -2.98e-04  8.28e-05   -4.905002e+00  -9.809152e-02   1.234450e+01

After 5 iterations the fit converged.
final sum of squares of residuals : 6.21883e-08
rel. change during last iteration : -2.98237e-09

degrees of freedom    (FIT_NDF)                        : 180
rms of residuals      (FIT_STDFIT) = sqrt(WSSR/ndf)    : 1.85874e-05
variance of residuals (reduced chisquare) = WSSR/ndf   : 3.4549e-10

Final set of parameters            Asymptotic Standard Error
=======================            ==========================
a               = -4.905           +/- 5.505e-06    (0.0001122%)
b               = -0.0980915       +/- 1.035e-05    (0.01055%)
c               = 12.3445          +/- 4.077e-06    (3.303e-05%)

correlation matrix of the fit parameters:
                a      b      c      
a               1.000 
b              -0.968  1.000 
c               0.741 -0.863  1.000 
